  libcpp.cpp
D:\CORE_WEB_SYSTEM_WEB\alpine\libraries\libcpp\src\define.h(1,1): warning C4819: 该文件包含不能在当前代码页(936)中表示的字符。请将该文件保存为 Unicode 格式以防止数据丢失
  (编译源文件“../../../libraries/libcpp/src/libcpp.cpp”)
  
D:\CORE_WEB_SYSTEM_WEB\alpine\libraries\libcpp\src\string.h(1,1): warning C4819: 该文件包含不能在当前代码页(936)中表示的字符。请将该文件保存为 Unicode 格式以防止数据丢失
  (编译源文件“../../../libraries/libcpp/src/libcpp.cpp”)
  
D:\CORE_WEB_SYSTEM_WEB\alpine\libraries\libcpp\src\map.h(1,1): warning C4819: 该文件包含不能在当前代码页(936)中表示的字符。请将该文件保存为 Unicode 格式以防止数据丢失
  (编译源文件“../../../libraries/libcpp/src/libcpp.cpp”)
  
D:\CORE_WEB_SYSTEM_WEB\alpine\libraries\libcpp\src\tree.h(1,1): warning C4819: 该文件包含不能在当前代码页(936)中表示的字符。请将该文件保存为 Unicode 格式以防止数据丢失
  (编译源文件“../../../libraries/libcpp/src/libcpp.cpp”)
  
D:\CORE_WEB_SYSTEM_WEB\alpine\libraries\libcpp\src\array.h(1,1): warning C4819: 该文件包含不能在当前代码页(936)中表示的字符。请将该文件保存为 Unicode 格式以防止数据丢失
  (编译源文件“../../../libraries/libcpp/src/libcpp.cpp”)
  
D:\CORE_WEB_SYSTEM_WEB\alpine\libraries\libcpp\src\struct.h(1,1): warning C4819: 该文件包含不能在当前代码页(936)中表示的字符。请将该文件保存为 Unicode 格式以防止数据丢失
  (编译源文件“../../../libraries/libcpp/src/libcpp.cpp”)
  
D:\CORE_WEB_SYSTEM_WEB\alpine\libraries\libcpp\src\tree.h(99,12): warning C4099: “foxintango::tree_node_s<T>”: 类型名称以前使用“class”现在使用的是“struct”
  (编译源文件“../../../libraries/libcpp/src/libcpp.cpp”)
  D:\CORE_WEB_SYSTEM_WEB\alpine\libraries\libcpp\src\tree.h(96,7):
  参见“foxintango::tree_node_s<T>”的声明
  D:\CORE_WEB_SYSTEM_WEB\alpine\libraries\libcpp\src\tree.h(99,12):
  模板实例化上下文(最早的实例化上下文)为
  	D:\CORE_WEB_SYSTEM_WEB\alpine\libraries\libcpp\src\tree.h(96,7):
  	在编译类模板“foxintango::tree_node_s”时
  
D:\CORE_WEB_SYSTEM_WEB\alpine\libraries\libcpp\src\tree.h(102,12): warning C4099: “foxintango::tree_node_s<T>”: 类型名称以前使用“class”现在使用的是“struct”
  (编译源文件“../../../libraries/libcpp/src/libcpp.cpp”)
  D:\CORE_WEB_SYSTEM_WEB\alpine\libraries\libcpp\src\tree.h(96,7):
  参见“foxintango::tree_node_s<T>”的声明
  
D:\CORE_WEB_SYSTEM_WEB\alpine\libraries\libcpp\src\tree.h(105,12): warning C4099: “foxintango::tree_node_s<T>”: 类型名称以前使用“class”现在使用的是“struct”
  (编译源文件“../../../libraries/libcpp/src/libcpp.cpp”)
  D:\CORE_WEB_SYSTEM_WEB\alpine\libraries\libcpp\src\tree.h(96,7):
  参见“foxintango::tree_node_s<T>”的声明
  
D:\CORE_WEB_SYSTEM_WEB\alpine\libraries\libcpp\src\set.h(1,1): warning C4819: 该文件包含不能在当前代码页(936)中表示的字符。请将该文件保存为 Unicode 格式以防止数据丢失
  (编译源文件“../../../libraries/libcpp/src/libcpp.cpp”)
  
D:\CORE_WEB_SYSTEM_WEB\alpine\libraries\libcpp\src\array.h(24,20): warning C4251: “foxintango::Array<int>::T_NULL”: union“foxintango::mem_element<T>”需要有 dll 接口由 class“foxintango::Array<int>”的客户端使用 
D:\CORE_WEB_SYSTEM_WEB\alpine\libraries\libcpp\src\array.h(24,20): warning C4251:         with
D:\CORE_WEB_SYSTEM_WEB\alpine\libraries\libcpp\src\array.h(24,20): warning C4251:         [
D:\CORE_WEB_SYSTEM_WEB\alpine\libraries\libcpp\src\array.h(24,20): warning C4251:             T=int
D:\CORE_WEB_SYSTEM_WEB\alpine\libraries\libcpp\src\array.h(24,20): warning C4251:         ]
  (编译源文件“../../../libraries/libcpp/src/libcpp.cpp”)
  D:\CORE_WEB_SYSTEM_WEB\alpine\libraries\libcpp\src\struct.h(8,7):
  参见“foxintango::mem_element<T>”的声明
          with
          [
              T=int
          ]
  D:\CORE_WEB_SYSTEM_WEB\alpine\libraries\libcpp\src\array.h(24,20):
  模板实例化上下文(最早的实例化上下文)为
  	D:\CORE_WEB_SYSTEM_WEB\alpine\libraries\libcpp\src\libcpp.cpp(38,16):
  	查看对正在编译的 类 模板 实例化“foxintango::Array<int>”的引用
  
D:\CORE_WEB_SYSTEM_WEB\alpine\libraries\libcpp\src\array.h(38,51): warning C4309: “参数”: 截断常量值
  (编译源文件“../../../libraries/libcpp/src/libcpp.cpp”)
  D:\CORE_WEB_SYSTEM_WEB\alpine\libraries\libcpp\src\array.h(38,51):
  模板实例化上下文(最早的实例化上下文)为
  	D:\CORE_WEB_SYSTEM_WEB\alpine\libraries\libcpp\src\libcpp.cpp(38,16):
  	查看对正在编译的 类 模板 实例化“foxintango::Array<int>”的引用
  	D:\CORE_WEB_SYSTEM_WEB\alpine\libraries\libcpp\src\array.h(29,5):
  	在编译 类 模板 成员函数“foxintango::Array<int>::Array(void)”时
  		D:\CORE_WEB_SYSTEM_WEB\alpine\libraries\libcpp\src\libcpp.cpp(38,16):
  		请参阅 "sample_array" 中对 "foxintango::Array<int>::Array" 的第一个引用
  
    正在创建库 D:\CORE_WEB_SYSTEM_WEB\alpine\ide\vs2022\x64\Debug\libcpp.lib 和对象 D:\CORE_WEB_SYSTEM_WEB\alpine\ide\vs2022\x64\Debug\libcpp.exp
  libcpp.vcxproj -> D:\CORE_WEB_SYSTEM_WEB\alpine\ide\vs2022\x64\Debug\libcpp.dll
