d:\core_web_system_web\alpine\ide\vs2022\libkernel\alpine_network_hooks\x64\release\alpine_network_hooks.pch
d:\core_web_system_web\alpine\ide\vs2022\libkernel\alpine_network_hooks\x64\release\vc143.pdb
d:\core_web_system_web\alpine\ide\vs2022\libkernel\alpine_network_hooks\x64\release\precomp.obj
d:\core_web_system_web\alpine\ide\vs2022\libkernel\alpine_network_hooks\x64\release\flt_dbg.obj
d:\core_web_system_web\alpine\ide\vs2022\libkernel\alpine_network_hooks\x64\release\device.obj
d:\core_web_system_web\alpine\ide\vs2022\libkernel\alpine_network_hooks\x64\release\filter.obj
d:\core_web_system_web\alpine\ide\vs2022\libkernel\alpine_network_hooks\x64\release\support.obj
d:\core_web_system_web\alpine\ide\vs2022\libkernel\alpine_network_hooks\x64\release\kmm.obj
d:\core_web_system_web\alpine\ide\vs2022\libkernel\alpine_network_hooks\x64\release\echo.obj
d:\core_web_system_web\alpine\ide\vs2022\x64\release\alpine_network_hooks.sys
d:\core_web_system_web\alpine\ide\vs2022\x64\release\alpine_network_hooks.pdb
d:\core_web_system_web\alpine\ide\vs2022\libkernel\alpine_network_hooks\x64\release\filter.res
d:\core_web_system_web\alpine\ide\vs2022\libkernel\alpine_network_hooks\x64\release\alpine_network_hooks.inf
d:\core_web_system_web\alpine\ide\vs2022\libkernel\alpine_network_hooks\x64\release\alpine_n.a6083d1a.tlog\cl.command.1.tlog
d:\core_web_system_web\alpine\ide\vs2022\libkernel\alpine_network_hooks\x64\release\alpine_n.a6083d1a.tlog\cl.read.1.tlog
d:\core_web_system_web\alpine\ide\vs2022\libkernel\alpine_network_hooks\x64\release\alpine_n.a6083d1a.tlog\cl.write.1.tlog
d:\core_web_system_web\alpine\ide\vs2022\libkernel\alpine_network_hooks\x64\release\alpine_n.a6083d1a.tlog\link.command.1.tlog
d:\core_web_system_web\alpine\ide\vs2022\libkernel\alpine_network_hooks\x64\release\alpine_n.a6083d1a.tlog\link.read.1.tlog
d:\core_web_system_web\alpine\ide\vs2022\libkernel\alpine_network_hooks\x64\release\alpine_n.a6083d1a.tlog\link.secondary.1.tlog
d:\core_web_system_web\alpine\ide\vs2022\libkernel\alpine_network_hooks\x64\release\alpine_n.a6083d1a.tlog\link.write.1.tlog
d:\core_web_system_web\alpine\ide\vs2022\libkernel\alpine_network_hooks\x64\release\alpine_n.a6083d1a.tlog\rc.command.1.tlog
d:\core_web_system_web\alpine\ide\vs2022\libkernel\alpine_network_hooks\x64\release\alpine_n.a6083d1a.tlog\rc.read.1.tlog
d:\core_web_system_web\alpine\ide\vs2022\libkernel\alpine_network_hooks\x64\release\alpine_n.a6083d1a.tlog\rc.write.1.tlog
d:\core_web_system_web\alpine\ide\vs2022\libkernel\alpine_network_hooks\x64\release\alpine_n.a6083d1a.tlog\stampinf.command.1.tlog
d:\core_web_system_web\alpine\ide\vs2022\libkernel\alpine_network_hooks\x64\release\alpine_n.a6083d1a.tlog\stampinf.read.1.tlog
d:\core_web_system_web\alpine\ide\vs2022\libkernel\alpine_network_hooks\x64\release\alpine_n.a6083d1a.tlog\stampinf.write.1.tlog
