d:\core_web_system_web\alpine\ide\vs2022\libcpp\x64\release\vc143.pdb
d:\core_web_system_web\alpine\ide\vs2022\libcpp\x64\release\dllmain.obj
d:\core_web_system_web\alpine\ide\vs2022\libcpp\x64\release\string.obj
d:\core_web_system_web\alpine\ide\vs2022\libcpp\x64\release\shell.obj
d:\core_web_system_web\alpine\ide\vs2022\libcpp\x64\release\object.obj
d:\core_web_system_web\alpine\ide\vs2022\libcpp\x64\release\libcpp.obj
d:\core_web_system_web\alpine\ide\vs2022\x64\release\libcpp.dll
d:\core_web_system_web\alpine\ide\vs2022\x64\release\libcpp.pdb
d:\core_web_system_web\alpine\ide\vs2022\x64\release\libcpp.lib
d:\core_web_system_web\alpine\ide\vs2022\x64\release\libcpp.exp
d:\core_web_system_web\alpine\ide\vs2022\libcpp\x64\release\libcpp.ipdb
d:\core_web_system_web\alpine\ide\vs2022\libcpp\x64\release\libcpp.iobj
d:\core_web_system_web\alpine\ide\vs2022\libcpp\x64\release\libcpp.tlog\cl.command.1.tlog
d:\core_web_system_web\alpine\ide\vs2022\libcpp\x64\release\libcpp.tlog\cl.items.tlog
d:\core_web_system_web\alpine\ide\vs2022\libcpp\x64\release\libcpp.tlog\cl.read.1.tlog
d:\core_web_system_web\alpine\ide\vs2022\libcpp\x64\release\libcpp.tlog\cl.write.1.tlog
d:\core_web_system_web\alpine\ide\vs2022\libcpp\x64\release\libcpp.tlog\link.command.1.tlog
d:\core_web_system_web\alpine\ide\vs2022\libcpp\x64\release\libcpp.tlog\link.read.1.tlog
d:\core_web_system_web\alpine\ide\vs2022\libcpp\x64\release\libcpp.tlog\link.secondary.1.tlog
d:\core_web_system_web\alpine\ide\vs2022\libcpp\x64\release\libcpp.tlog\link.write.1.tlog
